"polygons" in: met_min_ca_density.lydrc:35
    Polygons (raw): 76 (flat)  34 (hierarchical)
    Elapsed: 0.020s  Memory: 522.00M
"polygons" in: met_min_ca_density.lydrc:36
    Polygons (raw): 88 (flat)  58 (hierarchical)
    Elapsed: 0.010s  Memory: 522.00M
"polygons" in: met_min_ca_density.lydrc:38
    Polygons (raw): 106 (flat)  88 (hierarchical)
    Elapsed: 0.010s  Memory: 522.00M
"polygons" in: met_min_ca_density.lydrc:39
    Polygons (raw): 18179 (flat)  18179 (hierarchical)
    Elapsed: 0.060s  Memory: 523.00M
"polygons" in: met_min_ca_density.lydrc:41
    Polygons (raw): 1009 (flat)  1009 (hierarchical)
    Elapsed: 0.020s  Memory: 523.00M
"polygons" in: met_min_ca_density.lydrc:42
    Polygons (raw): 16023 (flat)  16023 (hierarchical)
    Elapsed: 0.050s  Memory: 523.00M
"polygons" in: met_min_ca_density.lydrc:44
    Polygons (raw): 456 (flat)  456 (hierarchical)
    Elapsed: 0.020s  Memory: 523.00M
"polygons" in: met_min_ca_density.lydrc:45
    Polygons (raw): 0 (flat)  0 (hierarchical)
    Elapsed: 0.010s  Memory: 523.00M
"polygons" in: met_min_ca_density.lydrc:47
    Polygons (raw): 12 (flat)  12 (hierarchical)
    Elapsed: 0.010s  Memory: 523.00M
"polygons" in: met_min_ca_density.lydrc:48
    Polygons (raw): 0 (flat)  0 (hierarchical)
    Elapsed: 0.020s  Memory: 523.00M
"polygons" in: met_min_ca_density.lydrc:49
    Polygons (raw): 0 (flat)  0 (hierarchical)
    Elapsed: 0.010s  Memory: 523.00M
"polygons" in: met_min_ca_density.lydrc:51
    Polygons (raw): 12 (flat)  12 (hierarchical)
    Elapsed: 0.010s  Memory: 523.00M
"input" in: met_min_ca_density.lydrc:53
    Polygons (raw): 9 (flat)  3 (hierarchical)
    Elapsed: 0.020s  Memory: 523.00M
"area" in: met_min_ca_density.lydrc:55
    Elapsed: 0.020s  Memory: 523.00M
"polygons" in: met_min_ca_density.lydrc:59
    Polygons (raw): 76 (flat)  34 (hierarchical)
    Elapsed: 0.010s  Memory: 523.00M
"area" in: met_min_ca_density.lydrc:59
    Elapsed: 0.020s  Memory: 523.00M
li1_ca_density is 0.999997160438395
"polygons" in: met_min_ca_density.lydrc:69
    Polygons (raw): 106 (flat)  88 (hierarchical)
    Elapsed: 0.020s  Memory: 523.00M
"area" in: met_min_ca_density.lydrc:69
    Elapsed: 0.020s  Memory: 523.00M
m1_ca_density is 0.9427629724276152
"polygons" in: met_min_ca_density.lydrc:79
    Polygons (raw): 1009 (flat)  1009 (hierarchical)
    Elapsed: 0.010s  Memory: 523.00M
"area" in: met_min_ca_density.lydrc:79
    Elapsed: 0.040s  Memory: 523.00M
m2_ca_density is 0.9986196196027591
"polygons" in: met_min_ca_density.lydrc:89
    Polygons (raw): 456 (flat)  456 (hierarchical)
    Elapsed: 0.010s  Memory: 523.00M
"area" in: met_min_ca_density.lydrc:89
    Elapsed: 0.030s  Memory: 523.00M
m3_ca_density is 0.9693343307324097
"polygons" in: met_min_ca_density.lydrc:99
    Polygons (raw): 12 (flat)  12 (hierarchical)
    Elapsed: 0.010s  Memory: 523.00M
"area" in: met_min_ca_density.lydrc:99
    Elapsed: 0.020s  Memory: 523.00M
m4_ca_density is 0.999817578611457
"polygons" in: met_min_ca_density.lydrc:109
    Polygons (raw): 12 (flat)  12 (hierarchical)
    Elapsed: 0.020s  Memory: 523.00M
"area" in: met_min_ca_density.lydrc:109
    Elapsed: 0.010s  Memory: 523.00M
m5_ca_density is 0.999817578611457
Writing report database: /home/shahid/Desktop/caravel_user_project_analog12/precheck_results/24_AUG_2022___17_04_35/outputs/reports/klayout_met_min_ca_density_check.xml ..
Total elapsed: 0.630s  Memory: 522.00M
